Release 14.7 - xst P.20131013 (nt64)
Copyright (c) 1995-2013 Xilinx, Inc.  All rights reserved.
--> Parameter TMPDIR set to xst/projnav.tmp


Total REAL time to Xst completion: 0.00 secs
Total CPU time to Xst completion: 0.14 secs
 
--> Parameter xsthdpdir set to xst


Total REAL time to Xst completion: 0.00 secs
Total CPU time to Xst completion: 0.14 secs
 
--> Reading design: CAM.prj

TABLE OF CONTENTS
  1) Synthesis Options Summary
  2) HDL Parsing
  3) HDL Elaboration
  4) HDL Synthesis
       4.1) HDL Synthesis Report
  5) Advanced HDL Synthesis
       5.1) Advanced HDL Synthesis Report
  6) Low Level Synthesis
  7) Partition Report
  8) Design Summary
       8.1) Primitive and Black Box Usage
       8.2) Device utilization summary
       8.3) Partition Resource Summary
       8.4) Timing Report
            8.4.1) Clock Information
            8.4.2) Asynchronous Control Signals Information
            8.4.3) Timing Summary
            8.4.4) Timing Details
            8.4.5) Cross Clock Domains Report


=========================================================================
*                      Synthesis Options Summary                        *
=========================================================================
---- Source Parameters
Input File Name                    : "CAM.prj"
Ignore Synthesis Constraint File   : NO

---- Target Parameters
Output File Name                   : "CAM"
Output Format                      : NGC
Target Device                      : xc7a100t-3-csg324

---- Source Options
Top Module Name                    : CAM
Automatic FSM Extraction           : YES
FSM Encoding Algorithm             : Auto
Safe Implementation                : No
FSM Style                          : LUT
RAM Extraction                     : Yes
RAM Style                          : Auto
ROM Extraction                     : Yes
Shift Register Extraction          : YES
ROM Style                          : Auto
Resource Sharing                   : YES
Asynchronous To Synchronous        : NO
Shift Register Minimum Size        : 2
Use DSP Block                      : Auto
Automatic Register Balancing       : No

---- Target Options
LUT Combining                      : Auto
Reduce Control Sets                : Auto
Add IO Buffers                     : YES
Global Maximum Fanout              : 100000
Add Generic Clock Buffer(BUFG)     : 32
Register Duplication               : YES
Optimize Instantiated Primitives   : NO
Use Clock Enable                   : Auto
Use Synchronous Set                : Auto
Use Synchronous Reset              : Auto
Pack IO Registers into IOBs        : Auto
Equivalent register Removal        : YES

---- General Options
Optimization Goal                  : Speed
Optimization Effort                : 1
Power Reduction                    : NO
Keep Hierarchy                     : No
Netlist Hierarchy                  : As_Optimized
RTL Output                         : Yes
Global Optimization                : AllClockNets
Read Cores                         : YES
Write Timing Constraints           : NO
Cross Clock Analysis               : NO
Hierarchy Separator                : /
Bus Delimiter                      : <>
Case Specifier                     : Maintain
Slice Utilization Ratio            : 100
BRAM Utilization Ratio             : 100
DSP48 Utilization Ratio            : 100
Auto BRAM Packing                  : NO
Slice Utilization Ratio Delta      : 5

=========================================================================


=========================================================================
*                          HDL Parsing                                  *
=========================================================================
Parsing VHDL file "E:\Education\CA\Lab\LAB_7\LAB_7\CAM.vhd" into library work
Parsing entity <CAM>.
Parsing architecture <rtl> of entity <cam>.

=========================================================================
*                            HDL Elaboration                            *
=========================================================================

Elaborating entity <CAM> (architecture <rtl>) from library <work>.

=========================================================================
*                           HDL Synthesis                               *
=========================================================================

Synthesizing Unit <CAM>.
    Related source file is "E:\Education\CA\Lab\LAB_7\LAB_7\CAM.vhd".
    Found 8-bit register for signal <cam<2>>.
    Found 8-bit register for signal <cam<1>>.
    Found 8-bit register for signal <cam<0>>.
    Found 2-bit register for signal <ADDR_OUT>.
    Found 1-bit register for signal <MATCH_BIT>.
    Found 8-bit register for signal <cam<3>>.
    Found 8-bit comparator equal for signal <DATA[7]_cam[0][7]_equal_24_o> created at line 95
    Found 8-bit comparator equal for signal <DATA[7]_cam[1][7]_equal_25_o> created at line 95
    Found 8-bit comparator equal for signal <DATA[7]_cam[2][7]_equal_27_o> created at line 95
    Found 8-bit comparator equal for signal <DATA[7]_cam[3][7]_equal_29_o> created at line 95
    Summary:
	inferred  35 D-type flip-flop(s).
	inferred   4 Comparator(s).
	inferred   5 Multiplexer(s).
Unit <CAM> synthesized.

=========================================================================
HDL Synthesis Report

Macro Statistics
# Registers                                            : 6
 1-bit register                                        : 1
 2-bit register                                        : 1
 8-bit register                                        : 4
# Comparators                                          : 4
 8-bit comparator equal                                : 4
# Multiplexers                                         : 5
 2-bit 2-to-1 multiplexer                              : 5

=========================================================================

=========================================================================
*                       Advanced HDL Synthesis                          *
=========================================================================


=========================================================================
Advanced HDL Synthesis Report

Macro Statistics
# Registers                                            : 35
 Flip-Flops                                            : 35
# Comparators                                          : 4
 8-bit comparator equal                                : 4
# Multiplexers                                         : 5
 2-bit 2-to-1 multiplexer                              : 5

=========================================================================

=========================================================================
*                         Low Level Synthesis                           *
=========================================================================

Optimizing unit <CAM> ...

Mapping all equations...
Building and optimizing final netlist ...
Found area constraint ratio of 100 (+ 5) on block CAM, actual ratio is 0.

Final Macro Processing ...

=========================================================================
Final Register Report

Macro Statistics
# Registers                                            : 35
 Flip-Flops                                            : 35

=========================================================================

=========================================================================
*                           Partition Report                            *
=========================================================================

Partition Implementation Status
-------------------------------

  No Partitions were found in this design.

-------------------------------

=========================================================================
*                            Design Summary                             *
=========================================================================

Top Level Output File Name         : CAM.ngc

Primitive and Black Box Usage:
------------------------------
# BELS                             : 57
#      LUT2                        : 2
#      LUT4                        : 2
#      LUT5                        : 3
#      LUT6                        : 50
# FlipFlops/Latches                : 35
#      FD                          : 1
#      FDE                         : 34
# Clock Buffers                    : 1
#      BUFGP                       : 1
# IO Buffers                       : 16
#      IBUF                        : 13
#      OBUF                        : 3

Device utilization summary:
---------------------------

Selected Device : 7a100tcsg324-3 


Slice Logic Utilization: 
 Number of Slice Registers:              35  out of  126800     0%  
 Number of Slice LUTs:                   57  out of  63400     0%  
    Number used as Logic:                57  out of  63400     0%  

Slice Logic Distribution: 
 Number of LUT Flip Flop pairs used:     57
   Number with an unused Flip Flop:      22  out of     57    38%  
   Number with an unused LUT:             0  out of     57     0%  
   Number of fully used LUT-FF pairs:    35  out of     57    61%  
   Number of unique control sets:         3

IO Utilization: 
 Number of IOs:                          17
 Number of bonded IOBs:                  17  out of    210     8%  

Specific Feature Utilization:
 Number of BUFG/BUFGCTRLs:                1  out of     32     3%  

---------------------------
Partition Resource Summary:
---------------------------

  No Partitions were found in this design.

---------------------------


=========================================================================
Timing Report

NOTE: THESE TIMING NUMBERS ARE ONLY A SYNTHESIS ESTIMATE.
      FOR ACCURATE TIMING INFORMATION PLEASE REFER TO THE TRACE REPORT
      GENERATED AFTER PLACE-and-ROUTE.

Clock Information:
------------------
-----------------------------------+------------------------+-------+
Clock Signal                       | Clock buffer(FF name)  | Load  |
-----------------------------------+------------------------+-------+
clk                                | BUFGP                  | 35    |
-----------------------------------+------------------------+-------+

Asynchronous Control Signals Information:
----------------------------------------
No asynchronous control signals found in this design

Timing Summary:
---------------
Speed Grade: -3

   Minimum period: 2.523ns (Maximum Frequency: 396.354MHz)
   Minimum input arrival time before clock: 2.372ns
   Maximum output required time after clock: 0.645ns
   Maximum combinational path delay: No path found

Timing Details:
---------------
All values displayed in nanoseconds (ns)

=========================================================================
Timing constraint: Default period analysis for Clock 'clk'
  Clock period: 2.523ns (frequency: 396.354MHz)
  Total number of paths / destination ports: 1249 / 69
-------------------------------------------------------------------------
Delay:               2.523ns (Levels of Logic = 4)
  Source:            cam_2_0 (FF)
  Destination:       MATCH_BIT (FF)
  Source Clock:      clk rising
  Destination Clock: clk rising

  Data Path: cam_2_0 to MATCH_BIT
                                Gate     Net
    Cell:in->out      fanout   Delay   Delay  Logical Name (Net Name)
    ----------------------------------------  ------------
     FDE:C->Q              3   0.361   0.389  cam_2_0 (cam_2_0)
     LUT4:I2->O            4   0.097   0.525  DATA[7]_DATA[7]_OR_12_o2 (DATA[7]_DATA[7]_OR_12_o2)
     LUT4:I1->O            1   0.097   0.556  DATA[7]_DATA[7]_OR_12_o4_SW0 (N4)
     LUT6:I2->O            1   0.097   0.295  _n00891 (_n0089)
     LUT6:I5->O            1   0.097   0.000  MATCH_BIT_rstpot (MATCH_BIT_rstpot)
     FD:D                      0.008          MATCH_BIT
    ----------------------------------------
    Total                      2.523ns (0.757ns logic, 1.766ns route)
                                       (30.0% logic, 70.0% route)

=========================================================================
Timing constraint: Default OFFSET IN BEFORE for Clock 'clk'
  Total number of paths / destination ports: 1364 / 69
-------------------------------------------------------------------------
Offset:              2.372ns (Levels of Logic = 5)
  Source:            DATA<5> (PAD)
  Destination:       MATCH_BIT (FF)
  Destination Clock: clk rising

  Data Path: DATA<5> to MATCH_BIT
                                Gate     Net
    Cell:in->out      fanout   Delay   Delay  Logical Name (Net Name)
    ----------------------------------------  ------------
     IBUF:I->O             8   0.001   0.725  DATA_5_IBUF (DATA_5_IBUF)
     LUT6:I0->O            5   0.097   0.398  DATA[7]_DATA[7]_OR_12_o1 (DATA[7]_DATA[7]_OR_12_o1)
     LUT4:I2->O            1   0.097   0.556  DATA[7]_DATA[7]_OR_12_o4_SW0 (N4)
     LUT6:I2->O            1   0.097   0.295  _n00891 (_n0089)
     LUT6:I5->O            1   0.097   0.000  MATCH_BIT_rstpot (MATCH_BIT_rstpot)
     FD:D                      0.008          MATCH_BIT
    ----------------------------------------
    Total                      2.372ns (0.397ns logic, 1.975ns route)
                                       (16.7% logic, 83.3% route)

=========================================================================
Timing constraint: Default OFFSET OUT AFTER for Clock 'clk'
  Total number of paths / destination ports: 3 / 3
-------------------------------------------------------------------------
Offset:              0.645ns (Levels of Logic = 1)
  Source:            MATCH_BIT (FF)
  Destination:       MATCH_BIT (PAD)
  Source Clock:      clk rising

  Data Path: MATCH_BIT to MATCH_BIT
                                Gate     Net
    Cell:in->out      fanout   Delay   Delay  Logical Name (Net Name)
    ----------------------------------------  ------------
     FD:C->Q               2   0.361   0.283  MATCH_BIT (MATCH_BIT_OBUF)
     OBUF:I->O                 0.000          MATCH_BIT_OBUF (MATCH_BIT)
    ----------------------------------------
    Total                      0.645ns (0.361ns logic, 0.283ns route)
                                       (56.0% logic, 44.0% route)

=========================================================================

Cross Clock Domains Report:
--------------------------

Clock to Setup on destination clock clk
---------------+---------+---------+---------+---------+
               | Src:Rise| Src:Fall| Src:Rise| Src:Fall|
Source Clock   |Dest:Rise|Dest:Rise|Dest:Fall|Dest:Fall|
---------------+---------+---------+---------+---------+
clk            |    2.523|         |         |         |
---------------+---------+---------+---------+---------+

=========================================================================


Total REAL time to Xst completion: 10.00 secs
Total CPU time to Xst completion: 10.72 secs
 
--> 

Total memory usage is 4688644 kilobytes

Number of errors   :    0 (   0 filtered)
Number of warnings :    0 (   0 filtered)
Number of infos    :    0 (   0 filtered)

