Release 14.7 - xst P.20131013 (nt64)
Copyright (c) 1995-2013 Xilinx, Inc.  All rights reserved.
--> Parameter TMPDIR set to xst/projnav.tmp


Total REAL time to Xst completion: 0.00 secs
Total CPU time to Xst completion: 0.14 secs
 
--> Parameter xsthdpdir set to xst


Total REAL time to Xst completion: 0.00 secs
Total CPU time to Xst completion: 0.14 secs
 
--> Reading design: dual_port_ram.prj

TABLE OF CONTENTS
  1) Synthesis Options Summary
  2) HDL Parsing
  3) HDL Elaboration
  4) HDL Synthesis
       4.1) HDL Synthesis Report
  5) Advanced HDL Synthesis
       5.1) Advanced HDL Synthesis Report
  6) Low Level Synthesis
  7) Partition Report
  8) Design Summary
       8.1) Primitive and Black Box Usage
       8.2) Device utilization summary
       8.3) Partition Resource Summary
       8.4) Timing Report
            8.4.1) Clock Information
            8.4.2) Asynchronous Control Signals Information
            8.4.3) Timing Summary
            8.4.4) Timing Details
            8.4.5) Cross Clock Domains Report


=========================================================================
*                      Synthesis Options Summary                        *
=========================================================================
---- Source Parameters
Input File Name                    : "dual_port_ram.prj"
Ignore Synthesis Constraint File   : NO

---- Target Parameters
Output File Name                   : "dual_port_ram"
Output Format                      : NGC
Target Device                      : xc7a100t-3-csg324

---- Source Options
Top Module Name                    : dual_port_ram
Automatic FSM Extraction           : YES
FSM Encoding Algorithm             : Auto
Safe Implementation                : No
FSM Style                          : LUT
RAM Extraction                     : Yes
RAM Style                          : Auto
ROM Extraction                     : Yes
Shift Register Extraction          : YES
ROM Style                          : Auto
Resource Sharing                   : YES
Asynchronous To Synchronous        : NO
Shift Register Minimum Size        : 2
Use DSP Block                      : Auto
Automatic Register Balancing       : No

---- Target Options
LUT Combining                      : Auto
Reduce Control Sets                : Auto
Add IO Buffers                     : YES
Global Maximum Fanout              : 100000
Add Generic Clock Buffer(BUFG)     : 32
Register Duplication               : YES
Optimize Instantiated Primitives   : NO
Use Clock Enable                   : Auto
Use Synchronous Set                : Auto
Use Synchronous Reset              : Auto
Pack IO Registers into IOBs        : Auto
Equivalent register Removal        : YES

---- General Options
Optimization Goal                  : Speed
Optimization Effort                : 1
Power Reduction                    : NO
Keep Hierarchy                     : No
Netlist Hierarchy                  : As_Optimized
RTL Output                         : Yes
Global Optimization                : AllClockNets
Read Cores                         : YES
Write Timing Constraints           : NO
Cross Clock Analysis               : NO
Hierarchy Separator                : /
Bus Delimiter                      : <>
Case Specifier                     : Maintain
Slice Utilization Ratio            : 100
BRAM Utilization Ratio             : 100
DSP48 Utilization Ratio            : 100
Auto BRAM Packing                  : NO
Slice Utilization Ratio Delta      : 5

=========================================================================


=========================================================================
*                          HDL Parsing                                  *
=========================================================================
Parsing VHDL file "E:\Education\CA\Lab\LAB_7\LAB_7\dual_port_ram.vhd" into library work
Parsing entity <dual_port_ram>.
Parsing architecture <rtl> of entity <dual_port_ram>.

=========================================================================
*                            HDL Elaboration                            *
=========================================================================

Elaborating entity <dual_port_ram> (architecture <rtl>) from library <work>.

=========================================================================
*                           HDL Synthesis                               *
=========================================================================

Synthesizing Unit <dual_port_ram>.
    Related source file is "E:\Education\CA\Lab\LAB_7\LAB_7\dual_port_ram.vhd".
    Found 8-bit register for signal <ram<2>>.
    Found 8-bit register for signal <ram<1>>.
    Found 8-bit register for signal <ram<0>>.
    Found 8-bit register for signal <DATA_OUT_A>.
    Found 8-bit register for signal <DATA_OUT_B>.
    Found 8-bit register for signal <ram<3>>.
    Found 8-bit 4-to-1 multiplexer for signal <ADDR_A[1]_ram[3][7]_wide_mux_9_OUT> created at line 76.
    Found 8-bit 4-to-1 multiplexer for signal <ADDR_B[1]_ram[3][7]_wide_mux_15_OUT> created at line 82.
    Summary:
	inferred  48 D-type flip-flop(s).
	inferred  22 Multiplexer(s).
Unit <dual_port_ram> synthesized.

=========================================================================
HDL Synthesis Report

Macro Statistics
# Registers                                            : 6
 8-bit register                                        : 6
# Multiplexers                                         : 22
 8-bit 2-to-1 multiplexer                              : 20
 8-bit 4-to-1 multiplexer                              : 2

=========================================================================

=========================================================================
*                       Advanced HDL Synthesis                          *
=========================================================================


=========================================================================
Advanced HDL Synthesis Report

Macro Statistics
# Registers                                            : 48
 Flip-Flops                                            : 48
# Multiplexers                                         : 36
 1-bit 4-to-1 multiplexer                              : 16
 8-bit 2-to-1 multiplexer                              : 20

=========================================================================

=========================================================================
*                         Low Level Synthesis                           *
=========================================================================

Optimizing unit <dual_port_ram> ...

Mapping all equations...
Building and optimizing final netlist ...
Found area constraint ratio of 100 (+ 5) on block dual_port_ram, actual ratio is 0.

Final Macro Processing ...

=========================================================================
Final Register Report

Macro Statistics
# Registers                                            : 48
 Flip-Flops                                            : 48

=========================================================================

=========================================================================
*                           Partition Report                            *
=========================================================================

Partition Implementation Status
-------------------------------

  No Partitions were found in this design.

-------------------------------

=========================================================================
*                            Design Summary                             *
=========================================================================

Top Level Output File Name         : dual_port_ram.ngc

Primitive and Black Box Usage:
------------------------------
# BELS                             : 65
#      LUT2                        : 2
#      LUT3                        : 1
#      LUT4                        : 12
#      LUT5                        : 2
#      LUT6                        : 48
# FlipFlops/Latches                : 48
#      FDE                         : 48
# Clock Buffers                    : 1
#      BUFGP                       : 1
# IO Buffers                       : 41
#      IBUF                        : 25
#      OBUF                        : 16

Device utilization summary:
---------------------------

Selected Device : 7a100tcsg324-3 


Slice Logic Utilization: 
 Number of Slice Registers:              48  out of  126800     0%  
 Number of Slice LUTs:                   65  out of  63400     0%  
    Number used as Logic:                65  out of  63400     0%  

Slice Logic Distribution: 
 Number of LUT Flip Flop pairs used:     65
   Number with an unused Flip Flop:      17  out of     65    26%  
   Number with an unused LUT:             0  out of     65     0%  
   Number of fully used LUT-FF pairs:    48  out of     65    73%  
   Number of unique control sets:         6

IO Utilization: 
 Number of IOs:                          42
 Number of bonded IOBs:                  42  out of    210    20%  

Specific Feature Utilization:
 Number of BUFG/BUFGCTRLs:                1  out of     32     3%  

---------------------------
Partition Resource Summary:
---------------------------

  No Partitions were found in this design.

---------------------------


=========================================================================
Timing Report

NOTE: THESE TIMING NUMBERS ARE ONLY A SYNTHESIS ESTIMATE.
      FOR ACCURATE TIMING INFORMATION PLEASE REFER TO THE TRACE REPORT
      GENERATED AFTER PLACE-and-ROUTE.

Clock Information:
------------------
-----------------------------------+------------------------+-------+
Clock Signal                       | Clock buffer(FF name)  | Load  |
-----------------------------------+------------------------+-------+
clk                                | BUFGP                  | 48    |
-----------------------------------+------------------------+-------+

Asynchronous Control Signals Information:
----------------------------------------
No asynchronous control signals found in this design

Timing Summary:
---------------
Speed Grade: -3

   Minimum period: 1.027ns (Maximum Frequency: 974.184MHz)
   Minimum input arrival time before clock: 1.985ns
   Maximum output required time after clock: 0.640ns
   Maximum combinational path delay: No path found

Timing Details:
---------------
All values displayed in nanoseconds (ns)

=========================================================================
Timing constraint: Default period analysis for Clock 'clk'
  Clock period: 1.027ns (frequency: 974.184MHz)
  Total number of paths / destination ports: 64 / 16
-------------------------------------------------------------------------
Delay:               1.027ns (Levels of Logic = 1)
  Source:            ram_1_0 (FF)
  Destination:       DATA_OUT_A_0 (FF)
  Source Clock:      clk rising
  Destination Clock: clk rising

  Data Path: ram_1_0 to DATA_OUT_A_0
                                Gate     Net
    Cell:in->out      fanout   Delay   Delay  Logical Name (Net Name)
    ----------------------------------------  ------------
     FDE:C->Q              2   0.361   0.561  ram_1_0 (ram_1_0)
     LUT6:I2->O            1   0.097   0.000  mux161 (ADDR_A[1]_ram[3][7]_wide_mux_9_OUT<0>)
     FDE:D                     0.008          DATA_OUT_A_0
    ----------------------------------------
    Total                      1.027ns (0.466ns logic, 0.561ns route)
                                       (45.4% logic, 54.6% route)

=========================================================================
Timing constraint: Default OFFSET IN BEFORE for Clock 'clk'
  Total number of paths / destination ports: 950 / 96
-------------------------------------------------------------------------
Offset:              1.985ns (Levels of Logic = 3)
  Source:            R_B (PAD)
  Destination:       ram_3_0 (FF)
  Destination Clock: clk rising

  Data Path: R_B to ram_3_0
                                Gate     Net
    Cell:in->out      fanout   Delay   Delay  Logical Name (Net Name)
    ----------------------------------------  ------------
     IBUF:I->O            11   0.001   0.602  R_B_IBUF (R_B_IBUF)
     LUT4:I0->O           23   0.097   0.781  Mmux_ram[0][7]_ram[0][7]_mux_27_OUT121 (Mmux_ram[0][7]_ram[0][7]_mux_27_OUT12)
     LUT6:I1->O            8   0.097   0.311  _n0193_inv1 (_n0193_inv)
     FDE:CE                    0.095          ram_3_0
    ----------------------------------------
    Total                      1.985ns (0.290ns logic, 1.695ns route)
                                       (14.6% logic, 85.4% route)

=========================================================================
Timing constraint: Default OFFSET OUT AFTER for Clock 'clk'
  Total number of paths / destination ports: 16 / 16
-------------------------------------------------------------------------
Offset:              0.640ns (Levels of Logic = 1)
  Source:            DATA_OUT_A_7 (FF)
  Destination:       DATA_OUT_A<7> (PAD)
  Source Clock:      clk rising

  Data Path: DATA_OUT_A_7 to DATA_OUT_A<7>
                                Gate     Net
    Cell:in->out      fanout   Delay   Delay  Logical Name (Net Name)
    ----------------------------------------  ------------
     FDE:C->Q              1   0.361   0.279  DATA_OUT_A_7 (DATA_OUT_A_7)
     OBUF:I->O                 0.000          DATA_OUT_A_7_OBUF (DATA_OUT_A<7>)
    ----------------------------------------
    Total                      0.640ns (0.361ns logic, 0.279ns route)
                                       (56.4% logic, 43.6% route)

=========================================================================

Cross Clock Domains Report:
--------------------------

Clock to Setup on destination clock clk
---------------+---------+---------+---------+---------+
               | Src:Rise| Src:Fall| Src:Rise| Src:Fall|
Source Clock   |Dest:Rise|Dest:Rise|Dest:Fall|Dest:Fall|
---------------+---------+---------+---------+---------+
clk            |    1.027|         |         |         |
---------------+---------+---------+---------+---------+

=========================================================================


Total REAL time to Xst completion: 12.00 secs
Total CPU time to Xst completion: 11.86 secs
 
--> 

Total memory usage is 4690692 kilobytes

Number of errors   :    0 (   0 filtered)
Number of warnings :    0 (   0 filtered)
Number of infos    :    0 (   0 filtered)

