Running: C:\Xilinx\14.7\ISE_DS\ISE\bin\nt64\unwrapped\fuse.exe -intstyle ise -incremental -lib secureip -o E:/Education/CA/Lab/LAB_7/LAB_7/uut_cam_isim_beh.exe -prj E:/Education/CA/Lab/LAB_7/LAB_7/uut_cam_beh.prj work.uut_cam 
ISim P.20131013 (signature 0x7708f090)
Number of CPUs detected in this system: 4
Turning on mult-threading, number of parallel sub-compilation jobs: 8 
Determining compilation order of HDL files
Parsing VHDL file "E:/Education/CA/Lab/LAB_7/LAB_7/CAM.vhd" into library work
Parsing VHDL file "E:/Education/CA/Lab/LAB_7/LAB_7/uut_cam.vhd" into library work
Starting static elaboration
Completed static elaboration
Compiling package standard
Compiling package std_logic_1164
Compiling package std_logic_arith
Compiling package std_logic_unsigned
Compiling package numeric_std
Compiling architecture rtl of entity CAM [cam_default]
Compiling architecture behavior of entity uut_cam
Time Resolution for simulation is 1ps.
Waiting for 1 sub-compilation(s) to finish...
Compiled 8 VHDL Units
Built simulation executable E:/Education/CA/Lab/LAB_7/LAB_7/uut_cam_isim_beh.exe
Fuse Memory Usage: 37228 KB
Fuse CPU Usage: 968 ms
