Release 14.7 - xst P.20131013 (nt64)
Copyright (c) 1995-2013 Xilinx, Inc.  All rights reserved.
--> Parameter TMPDIR set to xst/projnav.tmp


Total REAL time to Xst completion: 0.00 secs
Total CPU time to Xst completion: 0.17 secs
 
--> Parameter xsthdpdir set to xst


Total REAL time to Xst completion: 0.00 secs
Total CPU time to Xst completion: 0.17 secs
 
--> Reading design: RAM.prj

TABLE OF CONTENTS
  1) Synthesis Options Summary
  2) HDL Parsing
  3) HDL Elaboration
  4) HDL Synthesis
       4.1) HDL Synthesis Report
  5) Advanced HDL Synthesis
       5.1) Advanced HDL Synthesis Report
  6) Low Level Synthesis
  7) Partition Report
  8) Design Summary
       8.1) Primitive and Black Box Usage
       8.2) Device utilization summary
       8.3) Partition Resource Summary
       8.4) Timing Report
            8.4.1) Clock Information
            8.4.2) Asynchronous Control Signals Information
            8.4.3) Timing Summary
            8.4.4) Timing Details
            8.4.5) Cross Clock Domains Report


=========================================================================
*                      Synthesis Options Summary                        *
=========================================================================
---- Source Parameters
Input File Name                    : "RAM.prj"
Ignore Synthesis Constraint File   : NO

---- Target Parameters
Output File Name                   : "RAM"
Output Format                      : NGC
Target Device                      : xc7a100t-3-csg324

---- Source Options
Top Module Name                    : RAM
Automatic FSM Extraction           : YES
FSM Encoding Algorithm             : Auto
Safe Implementation                : No
FSM Style                          : LUT
RAM Extraction                     : Yes
RAM Style                          : Auto
ROM Extraction                     : Yes
Shift Register Extraction          : YES
ROM Style                          : Auto
Resource Sharing                   : YES
Asynchronous To Synchronous        : NO
Shift Register Minimum Size        : 2
Use DSP Block                      : Auto
Automatic Register Balancing       : No

---- Target Options
LUT Combining                      : Auto
Reduce Control Sets                : Auto
Add IO Buffers                     : YES
Global Maximum Fanout              : 100000
Add Generic Clock Buffer(BUFG)     : 32
Register Duplication               : YES
Optimize Instantiated Primitives   : NO
Use Clock Enable                   : Auto
Use Synchronous Set                : Auto
Use Synchronous Reset              : Auto
Pack IO Registers into IOBs        : Auto
Equivalent register Removal        : YES

---- General Options
Optimization Goal                  : Speed
Optimization Effort                : 1
Power Reduction                    : NO
Keep Hierarchy                     : No
Netlist Hierarchy                  : As_Optimized
RTL Output                         : Yes
Global Optimization                : AllClockNets
Read Cores                         : YES
Write Timing Constraints           : NO
Cross Clock Analysis               : NO
Hierarchy Separator                : /
Bus Delimiter                      : <>
Case Specifier                     : Maintain
Slice Utilization Ratio            : 100
BRAM Utilization Ratio             : 100
DSP48 Utilization Ratio            : 100
Auto BRAM Packing                  : NO
Slice Utilization Ratio Delta      : 5

=========================================================================


=========================================================================
*                          HDL Parsing                                  *
=========================================================================
Parsing VHDL file "E:\Education\CA\Lab\LAB_7\LAB_7\RAM.vhd" into library work
Parsing entity <RAM>.
Parsing architecture <rtl> of entity <ram>.

=========================================================================
*                            HDL Elaboration                            *
=========================================================================

Elaborating entity <RAM> (architecture <rtl>) from library <work>.

=========================================================================
*                           HDL Synthesis                               *
=========================================================================

Synthesizing Unit <RAM>.
    Related source file is "E:\Education\CA\Lab\LAB_7\LAB_7\RAM.vhd".
    Found 8-bit register for signal <DATA_OUT>.
    Found 1-bit register for signal <ram_3<7>>.
    Found 1-bit register for signal <ram_3<6>>.
    Found 1-bit register for signal <ram_3<5>>.
    Found 1-bit register for signal <ram_3<4>>.
    Found 1-bit register for signal <ram_3<3>>.
    Found 1-bit register for signal <ram_3<2>>.
    Found 1-bit register for signal <ram_3<1>>.
    Found 1-bit register for signal <ram_3<0>>.
    Found 1-bit register for signal <ram_2<7>>.
    Found 1-bit register for signal <ram_2<6>>.
    Found 1-bit register for signal <ram_2<5>>.
    Found 1-bit register for signal <ram_2<4>>.
    Found 1-bit register for signal <ram_2<3>>.
    Found 1-bit register for signal <ram_2<2>>.
    Found 1-bit register for signal <ram_2<1>>.
    Found 1-bit register for signal <ram_2<0>>.
    Found 1-bit register for signal <ram_1<7>>.
    Found 1-bit register for signal <ram_1<6>>.
    Found 1-bit register for signal <ram_1<5>>.
    Found 1-bit register for signal <ram_1<4>>.
    Found 1-bit register for signal <ram_1<3>>.
    Found 1-bit register for signal <ram_1<2>>.
    Found 1-bit register for signal <ram_1<1>>.
    Found 1-bit register for signal <ram_1<0>>.
    Found 1-bit register for signal <ram_0<7>>.
    Found 1-bit register for signal <ram_0<6>>.
    Found 1-bit register for signal <ram_0<5>>.
    Found 1-bit register for signal <ram_0<4>>.
    Found 1-bit register for signal <ram_0<3>>.
    Found 1-bit register for signal <ram_0<2>>.
    Found 1-bit register for signal <ram_0<1>>.
    Found 1-bit register for signal <ram_0<0>>.
    Found 8-bit 4-to-1 multiplexer for signal <ADDR[1]_ram[3][7]_wide_mux_5_OUT> created at line 63.
    Summary:
	inferred  40 D-type flip-flop(s).
	inferred  13 Multiplexer(s).
Unit <RAM> synthesized.

=========================================================================
HDL Synthesis Report

Macro Statistics
# Registers                                            : 33
 1-bit register                                        : 32
 8-bit register                                        : 1
# Multiplexers                                         : 13
 8-bit 2-to-1 multiplexer                              : 12
 8-bit 4-to-1 multiplexer                              : 1

=========================================================================

=========================================================================
*                       Advanced HDL Synthesis                          *
=========================================================================


=========================================================================
Advanced HDL Synthesis Report

Macro Statistics
# Registers                                            : 40
 Flip-Flops                                            : 40
# Multiplexers                                         : 13
 8-bit 2-to-1 multiplexer                              : 12
 8-bit 4-to-1 multiplexer                              : 1

=========================================================================

=========================================================================
*                         Low Level Synthesis                           *
=========================================================================
WARNING:Xst:3001 - This design contains one or more registers or latches with an active
   asynchronous set and asynchronous reset. While this circuit can be built,
   it creates a sub-optimal implementation in terms of area, power and
   performance. For a more optimal implementation Xilinx highly recommends
   one of the following:

          1) Remove either the set or reset from all registers and latches if
             not needed for required functionality
          2) Modify the code in order to produce a synchronous set
             and/or reset (both is preferred)
          3) Use the -async_to_sync option to transform the asynchronous
             set/reset to synchronous operation
             (timing simulation highly recommended when using this option)

  Please refer to http://www.xilinx.com search string "Artix7 asynchronous set/reset" for more details.

  List of register instances with asynchronous set and reset:
    ram_0_0 in unit <RAM>
    ram_1_0 in unit <RAM>
    ram_2_0 in unit <RAM>
    ram_3_0 in unit <RAM>
    ram_0_2 in unit <RAM>
    ram_0_3 in unit <RAM>
    ram_0_1 in unit <RAM>
    ram_0_5 in unit <RAM>
    ram_0_6 in unit <RAM>
    ram_0_4 in unit <RAM>
    ram_1_1 in unit <RAM>
    ram_0_7 in unit <RAM>
    ram_1_3 in unit <RAM>
    ram_1_4 in unit <RAM>
    ram_1_2 in unit <RAM>
    ram_1_5 in unit <RAM>
    ram_1_6 in unit <RAM>
    ram_2_1 in unit <RAM>
    ram_1_7 in unit <RAM>
    ram_2_3 in unit <RAM>
    ram_2_4 in unit <RAM>
    ram_2_2 in unit <RAM>
    ram_2_6 in unit <RAM>
    ram_2_7 in unit <RAM>
    ram_2_5 in unit <RAM>
    ram_3_1 in unit <RAM>
    ram_3_2 in unit <RAM>
    ram_3_4 in unit <RAM>
    ram_3_5 in unit <RAM>
    ram_3_3 in unit <RAM>
    ram_3_7 in unit <RAM>
    ram_3_6 in unit <RAM>


Optimizing unit <RAM> ...

Mapping all equations...
Building and optimizing final netlist ...
Found area constraint ratio of 100 (+ 5) on block RAM, actual ratio is 0.

Final Macro Processing ...

=========================================================================
Final Register Report

Macro Statistics
# Registers                                            : 40
 Flip-Flops                                            : 40

=========================================================================

=========================================================================
*                           Partition Report                            *
=========================================================================

Partition Implementation Status
-------------------------------

  No Partitions were found in this design.

-------------------------------

=========================================================================
*                            Design Summary                             *
=========================================================================

Top Level Output File Name         : RAM.ngc

Primitive and Black Box Usage:
------------------------------
# BELS                             : 42
#      INV                         : 1
#      LUT3                        : 1
#      LUT6                        : 40
# FlipFlops/Latches                : 40
#      FDC                         : 28
#      FDE                         : 8
#      FDP                         : 4
# Clock Buffers                    : 1
#      BUFGP                       : 1
# IO Buffers                       : 21
#      IBUF                        : 13
#      OBUF                        : 8

Device utilization summary:
---------------------------

Selected Device : 7a100tcsg324-3 


Slice Logic Utilization: 
 Number of Slice Registers:              40  out of  126800     0%  
 Number of Slice LUTs:                   42  out of  63400     0%  
    Number used as Logic:                42  out of  63400     0%  

Slice Logic Distribution: 
 Number of LUT Flip Flop pairs used:     42
   Number with an unused Flip Flop:       2  out of     42     4%  
   Number with an unused LUT:             0  out of     42     0%  
   Number of fully used LUT-FF pairs:    40  out of     42    95%  
   Number of unique control sets:         2

IO Utilization: 
 Number of IOs:                          22
 Number of bonded IOBs:                  22  out of    210    10%  

Specific Feature Utilization:
 Number of BUFG/BUFGCTRLs:                1  out of     32     3%  

---------------------------
Partition Resource Summary:
---------------------------

  No Partitions were found in this design.

---------------------------


=========================================================================
Timing Report

NOTE: THESE TIMING NUMBERS ARE ONLY A SYNTHESIS ESTIMATE.
      FOR ACCURATE TIMING INFORMATION PLEASE REFER TO THE TRACE REPORT
      GENERATED AFTER PLACE-and-ROUTE.

Clock Information:
------------------
-----------------------------------+------------------------+-------+
Clock Signal                       | Clock buffer(FF name)  | Load  |
-----------------------------------+------------------------+-------+
clk                                | BUFGP                  | 40    |
-----------------------------------+------------------------+-------+

Asynchronous Control Signals Information:
----------------------------------------
No asynchronous control signals found in this design

Timing Summary:
---------------
Speed Grade: -3

   Minimum period: 1.027ns (Maximum Frequency: 974.184MHz)
   Minimum input arrival time before clock: 1.133ns
   Maximum output required time after clock: 0.640ns
   Maximum combinational path delay: No path found

Timing Details:
---------------
All values displayed in nanoseconds (ns)

=========================================================================
Timing constraint: Default period analysis for Clock 'clk'
  Clock period: 1.027ns (frequency: 974.184MHz)
  Total number of paths / destination ports: 64 / 40
-------------------------------------------------------------------------
Delay:               1.027ns (Levels of Logic = 1)
  Source:            ram_1_0 (FF)
  Destination:       DATA_OUT_0 (FF)
  Source Clock:      clk rising
  Destination Clock: clk rising

  Data Path: ram_1_0 to DATA_OUT_0
                                Gate     Net
    Cell:in->out      fanout   Delay   Delay  Logical Name (Net Name)
    ----------------------------------------  ------------
     FDP:C->Q              2   0.361   0.561  ram_1_0 (ram_1_0)
     LUT6:I2->O            1   0.097   0.000  Mmux_ADDR[1]_ram[3][7]_wide_mux_5_OUT11 (ADDR[1]_ram[3][7]_wide_mux_5_OUT<0>)
     FDE:D                     0.008          DATA_OUT_0
    ----------------------------------------
    Total                      1.027ns (0.466ns logic, 0.561ns route)
                                       (45.4% logic, 54.6% route)

=========================================================================
Timing constraint: Default OFFSET IN BEFORE for Clock 'clk'
  Total number of paths / destination ports: 232 / 80
-------------------------------------------------------------------------
Offset:              1.133ns (Levels of Logic = 2)
  Source:            RESET (PAD)
  Destination:       ram_3_6 (FF)
  Destination Clock: clk rising

  Data Path: RESET to ram_3_6
                                Gate     Net
    Cell:in->out      fanout   Delay   Delay  Logical Name (Net Name)
    ----------------------------------------  ------------
     IBUF:I->O             2   0.001   0.284  RESET_IBUF (RESET_IBUF)
     INV:I->O             32   0.113   0.386  RESET_ram[0][7]_AND_59_o1_INV_0 (RESET_ram[0][7]_AND_59_o)
     FDC:CLR                   0.349          ram_3_6
    ----------------------------------------
    Total                      1.133ns (0.463ns logic, 0.670ns route)
                                       (40.9% logic, 59.1% route)

=========================================================================
Timing constraint: Default OFFSET OUT AFTER for Clock 'clk'
  Total number of paths / destination ports: 8 / 8
-------------------------------------------------------------------------
Offset:              0.640ns (Levels of Logic = 1)
  Source:            DATA_OUT_7 (FF)
  Destination:       DATA_OUT<7> (PAD)
  Source Clock:      clk rising

  Data Path: DATA_OUT_7 to DATA_OUT<7>
                                Gate     Net
    Cell:in->out      fanout   Delay   Delay  Logical Name (Net Name)
    ----------------------------------------  ------------
     FDE:C->Q              1   0.361   0.279  DATA_OUT_7 (DATA_OUT_7)
     OBUF:I->O                 0.000          DATA_OUT_7_OBUF (DATA_OUT<7>)
    ----------------------------------------
    Total                      0.640ns (0.361ns logic, 0.279ns route)
                                       (56.4% logic, 43.6% route)

=========================================================================

Cross Clock Domains Report:
--------------------------

Clock to Setup on destination clock clk
---------------+---------+---------+---------+---------+
               | Src:Rise| Src:Fall| Src:Rise| Src:Fall|
Source Clock   |Dest:Rise|Dest:Rise|Dest:Fall|Dest:Fall|
---------------+---------+---------+---------+---------+
clk            |    1.027|         |         |         |
---------------+---------+---------+---------+---------+

=========================================================================


Total REAL time to Xst completion: 11.00 secs
Total CPU time to Xst completion: 11.34 secs
 
--> 

Total memory usage is 4691396 kilobytes

Number of errors   :    0 (   0 filtered)
Number of warnings :    1 (   0 filtered)
Number of infos    :    0 (   0 filtered)

